<?xml version="1.0" encoding="UTF-8"?>
<testsuite name="com.mindhub.homebanking.RepositoriesTest" tests="1" skipped="0" failures="0" errors="0" timestamp="2022-06-21T20:30:40" hostname="DESKTOP-9C84I8N" time="0.0">
  <properties/>
  <testcase name="existLoans()" classname="com.mindhub.homebanking.RepositoriesTest" time="0.0"/>
  <system-out><![CDATA[]]></system-out>
  <system-err><![CDATA[]]></system-err>
</testsuite>
